<?xml version="1.0" encoding="UTF-8"?>
<testsuite name="basicJunit.BasicJunit1" tests="4" skipped="1" failures="0" errors="0" timestamp="2021-02-22T11:26:35" hostname="Mauris-MacBook-Pro.local" time="0.002">
  <properties/>
  <testcase name="verify_some_thing" classname="basicJunit.BasicJunit1" time="0.001"/>
  <testcase name="verify_some_thing2" classname="basicJunit.BasicJunit1" time="0.0"/>
  <testcase name="verify_some_thing3" classname="basicJunit.BasicJunit1" time="0.0">
    <skipped/>
  </testcase>
  <testcase name="verify_some_thing4" classname="basicJunit.BasicJunit1" time="0.001"/>
  <system-out><![CDATA[-----> Before Class
Before
La logica de mi test1
After
Before
La logica de mi test2
After
Before
La logica de mi test4 - Velocidad de metodo
After
]]></system-out>
  <system-err><![CDATA[]]></system-err>
</testsuite>
